SF:lib/views/demonstrate_tests.dart
DA:6,2
DA:8,2
DA:9,2
DA:15,2
DA:17,2
DA:18,2
DA:19,2
DA:20,2
DA:22,2
DA:23,6
DA:25,2
DA:27,0
DA:28,0
DA:30,0
DA:38,2
DA:40,2
DA:41,4
DA:42,4
DA:52,3
DA:54,1
DA:55,1
DA:63,1
DA:65,1
DA:66,1
DA:67,1
DA:69,1
DA:76,1
DA:77,1
DA:78,1
DA:80,1
DA:86,1
DA:88,1
DA:95,1
DA:97,1
DA:98,2
DA:99,1
LF:36
LH:33
end_of_record
SF:lib/main.dart
DA:82,0
DA:84,0
DA:86,0
DA:87,0
DA:89,0
DA:91,0
DA:93,0
DA:95,0
DA:97,0
DA:98,0
DA:99,0
DA:107,0
DA:112,0
DA:113,0
DA:114,0
DA:116,0
DA:118,0
DA:119,0
DA:121,0
DA:123,0
DA:176,0
DA:192,0
DA:195,0
DA:198,0
DA:201,0
DA:210,0
DA:214,0
DA:218,1
DA:220,1
DA:222,1
DA:223,1
DA:325,1
DA:336,0
DA:337,0
DA:350,0
DA:356,0
DA:357,0
DA:362,0
DA:389,0
DA:390,0
DA:391,0
DA:392,0
DA:393,0
DA:394,0
DA:395,0
DA:396,0
DA:397,0
DA:398,0
DA:401,0
DA:402,0
DA:404,0
DA:405,0
DA:406,0
DA:407,0
DA:408,0
DA:409,0
DA:410,0
DA:415,0
DA:416,0
DA:417,0
DA:418,0
DA:419,0
DA:420,0
DA:423,0
DA:424,0
DA:425,0
DA:431,0
DA:432,0
DA:433,0
DA:434,0
DA:440,0
DA:444,0
DA:445,0
DA:446,0
DA:457,0
DA:458,0
DA:459,0
DA:483,0
DA:485,0
DA:498,0
DA:539,0
DA:541,0
LF:82
LH:5
end_of_record
SF:lib/constants/user_database.dart
DA:1,0
DA:5,0
LF:2
LH:0
end_of_record
SF:lib/firebase_options.dart
DA:18,0
DA:22,0
DA:23,0
DA:25,0
DA:27,0
DA:29,0
DA:31,0
DA:32,0
DA:37,0
LF:9
LH:0
end_of_record
SF:lib/models/hive_user_model.g.dart
DA:13,0
DA:15,0
DA:16,0
DA:17,0
DA:19,0
DA:20,0
DA:21,0
DA:22,0
DA:26,0
DA:29,0
DA:30,0
DA:31,0
DA:32,0
DA:33,0
DA:34,0
DA:35,0
DA:38,0
DA:39,0
DA:41,0
DA:44,0
DA:45,0
DA:46,0
LF:22
LH:0
end_of_record
SF:lib/models/hive_user_model.dart
DA:16,0
LF:1
LH:0
end_of_record
SF:lib/models/post_model.dart
DA:6,0
DA:8,0
DA:9,0
DA:10,0
DA:11,0
DA:12,0
DA:16,0
DA:18,0
LF:8
LH:0
end_of_record
SF:lib/views/firebase_storage_view.dart
DA:9,0
DA:11,0
DA:12,0
DA:17,0
DA:19,0
DA:20,0
DA:21,0
DA:23,0
DA:24,0
DA:25,0
DA:26,0
DA:28,0
DA:29,0
DA:31,0
DA:32,0
DA:34,0
DA:35,0
DA:36,0
DA:37,0
DA:38,0
DA:42,0
DA:44,0
LF:22
LH:0
end_of_record
SF:lib/views/login_screen.dart
DA:15,0
DA:19,0
DA:21,0
DA:22,0
DA:23,0
DA:24,0
DA:25,0
DA:26,0
DA:27,0
DA:28,0
DA:29,0
DA:32,0
DA:33,0
DA:46,0
DA:55,0
DA:57,0
LF:16
LH:0
end_of_record
SF:lib/views/practice_basics/implicit_animations/animated_align.dart
DA:4,0
DA:5,0
DA:11,0
DA:13,0
DA:14,0
DA:15,0
DA:16,0
DA:18,0
DA:19,0
DA:20,0
DA:27,0
DA:28,0
DA:29,0
DA:30,0
LF:14
LH:0
end_of_record
SF:lib/views/practice_basics/implicit_animations/animated_container.dart
DA:4,0
DA:5,0
DA:11,0
DA:13,0
DA:14,0
DA:15,0
DA:16,0
DA:17,0
DA:18,0
DA:19,0
DA:22,0
DA:25,0
DA:26,0
DA:27,0
DA:28,0
DA:29,0
LF:16
LH:0
end_of_record
SF:lib/views/practice_basics/implicit_animations/animated_crossfade.dart
DA:4,0
DA:5,0
DA:11,0
DA:13,0
DA:14,0
DA:15,0
DA:16,0
DA:18,0
DA:19,0
DA:23,0
DA:29,0
DA:30,0
DA:31,0
DA:32,0
LF:14
LH:0
end_of_record
SF:lib/views/practice_basics/implicit_animations/animated_opacity.dart
DA:4,0
DA:5,0
DA:11,0
DA:13,0
DA:14,0
DA:15,0
DA:16,0
DA:18,0
DA:19,0
DA:20,0
DA:22,0
DA:29,0
DA:30,0
DA:31,0
DA:32,0
LF:15
LH:0
end_of_record
SF:lib/views/practice_basics/implicit_animations/animated_padding.dart
DA:4,0
DA:5,0
DA:11,0
DA:13,0
DA:14,0
DA:15,0
DA:16,0
DA:18,0
DA:19,0
DA:21,0
DA:23,0
DA:28,0
DA:29,0
DA:30,0
DA:31,0
LF:15
LH:0
end_of_record
SF:lib/views/practice_basics/implicit_animations/animated_positioned.dart
DA:5,0
DA:6,0
DA:12,0
DA:14,0
DA:15,0
DA:16,0
DA:17,0
DA:18,0
DA:19,0
DA:20,0
DA:21,0
DA:23,0
DA:24,0
DA:26,0
DA:27,0
DA:28,0
DA:29,0
DA:31,0
DA:32,0
DA:36,0
DA:37,0
DA:38,0
DA:40,0
DA:41,0
DA:49,0
DA:50,0
DA:51,0
DA:52,0
DA:55,0
LF:29
LH:0
end_of_record
SF:lib/views/practice_basics/implicit_animations/animated_textstyle.dart
DA:4,0
DA:5,0
DA:11,0
DA:13,0
DA:14,0
DA:15,0
DA:16,0
DA:18,0
DA:19,0
DA:21,0
DA:22,0
DA:23,0
DA:24,0
DA:30,0
DA:31,0
DA:32,0
DA:33,0
LF:17
LH:0
end_of_record
SF:lib/views/practice_basics/implicit_animations/tween_example.dart
DA:4,0
DA:5,0
DA:11,0
DA:13,0
DA:14,0
DA:15,0
DA:16,0
DA:18,0
DA:19,0
DA:20,0
DA:22,0
DA:23,0
DA:32,0
DA:33,0
DA:34,0
DA:35,0
LF:16
LH:0
end_of_record
SF:lib/views/practice_basics/profile_screen.dart
DA:4,0
DA:8,0
DA:10,0
DA:11,0
DA:12,0
DA:16,0
LF:6
LH:0
end_of_record
SF:lib/views/practice_basics/provider_example.dart
DA:9,0
DA:11,0
DA:12,0
DA:13,0
DA:42,0
DA:44,0
DA:46,0
DA:48,0
DA:49,0
DA:51,0
DA:52,0
DA:53,0
DA:55,0
DA:56,0
DA:58,0
LF:15
LH:0
end_of_record
SF:lib/views/practice_basics/riverpod_example_simple_provider.dart
DA:5,0
LF:1
LH:0
end_of_record
SF:lib/views/practice_basics/text_field_demo.dart
DA:4,0
DA:10,0
DA:12,0
DA:13,0
DA:14,0
DA:16,0
DA:17,0
DA:18,0
DA:20,0
DA:23,0
DA:24,0
DA:26,0
DA:27,0
DA:36,0
DA:37,0
DA:43,0
DA:45,0
DA:46,0
DA:49,0
DA:51,0
DA:52,0
DA:53,0
DA:55,0
DA:56,0
DA:57,0
DA:58,0
DA:59,0
DA:62,0
DA:63,0
DA:64,0
DA:68,0
DA:69,0
DA:70,0
DA:71,0
DA:73,0
DA:83,0
DA:84,0
DA:91,0
DA:93,0
DA:96,0
DA:99,0
DA:100,0
DA:103,0
DA:105,0
DA:106,0
DA:107,0
DA:110,0
DA:113,0
DA:114,0
DA:116,0
DA:117,0
DA:118,0
DA:119,0
DA:120,0
DA:122,0
DA:123,0
DA:125,0
DA:126,0
DA:127,0
DA:128,0
DA:139,0
DA:140,0
DA:146,0
DA:148,0
DA:149,0
DA:150,0
DA:152,0
DA:153,0
DA:154,0
DA:155,0
DA:156,0
DA:157,0
DA:158,0
DA:159,0
DA:162,0
DA:163,0
DA:164,0
DA:165,0
DA:168,0
DA:169,0
DA:170,0
DA:171,0
DA:172,0
DA:173,0
DA:177,0
DA:189,0
DA:190,0
DA:196,0
DA:198,0
DA:199,0
DA:200,0
DA:202,0
DA:203,0
DA:204,0
DA:205,0
DA:206,0
DA:208,0
DA:209,0
DA:218,0
DA:219,0
DA:226,0
DA:228,0
DA:229,0
DA:230,0
DA:232,0
DA:233,0
DA:234,0
DA:235,0
DA:236,0
DA:237,0
DA:238,0
DA:239,0
DA:241,0
DA:243,0
DA:246,0
DA:247,0
DA:248,0
DA:250,0
DA:252,0
DA:253,0
DA:254,0
DA:255,0
DA:257,0
DA:259,0
DA:260,0
DA:261,0
DA:262,0
DA:263,0
DA:266,0
LF:129
LH:0
end_of_record
SF:lib/views/test_crash.dart
DA:4,0
DA:6,0
DA:8,0
DA:9,0
DA:10,0
DA:11,0
DA:13,0
LF:7
LH:0
end_of_record
SF:lib/models/user_model.dart
DA:42,0
DA:44,0
DA:45,0
DA:46,0
DA:47,0
DA:48,0
LF:6
LH:0
end_of_record
SF:lib/services/authentication_service.dart
DA:7,0
DA:9,0
DA:10,0
DA:12,0
DA:13,0
DA:14,0
DA:17,0
DA:20,0
DA:23,0
DA:27,0
DA:28,0
DA:29,0
DA:33,0
DA:35,0
DA:39,0
DA:42,0
DA:46,0
DA:48,0
DA:52,0
DA:55,0
DA:59,0
DA:60,0
DA:61,0
LF:23
LH:0
end_of_record
SF:lib/services/firebase_storage_service.dart
DA:5,0
DA:6,0
DA:7,0
DA:8,0
DA:10,0
DA:12,0
DA:13,0
DA:14,0
DA:18,0
LF:9
LH:0
end_of_record
SF:lib/services/image_picker_service.dart
DA:5,0
DA:6,0
DA:7,0
DA:9,0
LF:4
LH:0
end_of_record
SF:lib/services/user_service.dart
DA:49,0
DA:50,0
DA:54,0
DA:55,0
DA:61,0
DA:62,0
DA:64,0
DA:65,0
DA:71,0
DA:73,0
LF:10
LH:0
end_of_record
SF:lib/utils/validators.dart
DA:2,0
DA:5,0
DA:7,0
DA:11,0
DA:14,0
DA:16,0
LF:6
LH:0
end_of_record
SF:lib/view_models/login_screen_view_model.dart
DA:38,0
DA:39,0
DA:47,0
DA:51,0
DA:53,0
DA:54,0
DA:55,0
DA:56,0
DA:59,0
DA:60,0
DA:61,0
DA:65,0
DA:96,0
DA:97,0
DA:99,0
DA:100,0
LF:16
LH:0
end_of_record
